17:51:23 **** Rebuild of configuration Debug for project Tp[1] ****
Info: Internal Builder is used for build
gcc -O0 -g3 -Wall -c -fmessage-length=0 -o "src\\funciones.o" "..\\src\\funciones.c" 
gcc -O0 -g3 -Wall -c -fmessage-length=0 -o "src\\Tp[1].o" "..\\src\\Tp[1].c" 
gcc -o Tp[1].exe "src\\Tp[1].o" "src\\funciones.o" 
Info: Nothing to build for Tp[1]
17:53:46 **** Incremental Build of configuration Debug for project Tp[1] ****
Info: Internal Builder is used for build
gcc -O0 -g3 -Wall -c -fmessage-length=0 -o "src\\Tp[1].o" "..\\src\\Tp[1].c" 
gcc -o Tp[1].exe "src\\Tp[1].o" "src\\funciones.o" 
18:02:40 **** Incremental Build of configuration Debug for project Tp[1] ****
Info: Internal Builder is used for build
gcc -O0 -g3 -Wall -c -fmessage-length=0 -o "src\\Tp[1].o" "..\\src\\Tp[1].c" 
gcc -o Tp[1].exe "src\\Tp[1].o" "src\\funciones.o" 
Info: Nothing to build for Tp[1]
18:05:11 **** Incremental Build of configuration Debug for project Tp[1] ****
Info: Internal Builder is used for build
gcc -O0 -g3 -Wall -c -fmessage-length=0 -o "src\\Tp[1].o" "..\\src\\Tp[1].c" 
gcc -o Tp[1].exe "src\\Tp[1].o" "src\\funciones.o" 
18:07:22 **** Incremental Build of configuration Debug for project Tp[1] ****
Info: Internal Builder is used for build
gcc -O0 -g3 -Wall -c -fmessage-length=0 -o "src\\Tp[1].o" "..\\src\\Tp[1].c" 
gcc -o Tp[1].exe "src\\Tp[1].o" "src\\funciones.o" 
18:21:59 **** Incremental Build of configuration Debug for project Tp[1] ****
Info: Internal Builder is used for build
gcc -O0 -g3 -Wall -c -fmessage-length=0 -o "src\\Tp[1].o" "..\\src\\Tp[1].c" 
gcc -o Tp[1].exe "src\\Tp[1].o" "src\\funciones.o" 
Info: Nothing to build for Tp[1]
18:27:15 **** Incremental Build of configuration Debug for project Tp[1] ****
Info: Internal Builder is used for build
gcc -O0 -g3 -Wall -c -fmessage-length=0 -o "src\\Tp[1].o" "..\\src\\Tp[1].c" 
gcc -O0 -g3 -Wall -c -fmessage-length=0 -o "src\\funciones.o" "..\\src\\funciones.c" 
gcc -o Tp[1].exe "src\\Tp[1].o" "src\\funciones.o" 
18:28:43 **** Incremental Build of configuration Debug for project Tp[1] ****
Info: Internal Builder is used for build
gcc -O0 -g3 -Wall -c -fmessage-length=0 -o "src\\funciones.o" "..\\src\\funciones.c" 
gcc -o Tp[1].exe "src\\Tp[1].o" "src\\funciones.o" 
